<?xml version="1.0" encoding="UTF-8"?>
<!-- Generated by org.testng.reporters.JUnitXMLReporter -->
<testsuite hostname="B230811" name="Test" tests="20" failures="0" timestamp="2 May 2014 14:03:30 GMT" time="0.978" errors="0">
  <testcase name="user1" time="0.7" classname="distractify.Tests"/>
  <testcase name="user11" time="0.702" classname="distractify.Tests"/>
  <testcase name="user15" time="0.689" classname="distractify.Tests"/>
  <testcase name="user16" time="0.695" classname="distractify.Tests"/>
  <testcase name="user18" time="0.697" classname="distractify.Tests"/>
  <testcase name="user14" time="0.699" classname="distractify.Tests"/>
  <testcase name="user9" time="0.711" classname="distractify.Tests"/>
  <testcase name="user5" time="0.71" classname="distractify.Tests"/>
  <testcase name="user12" time="0.718" classname="distractify.Tests"/>
  <testcase name="user3" time="0.711" classname="distractify.Tests"/>
  <testcase name="user19" time="0.718" classname="distractify.Tests"/>
  <testcase name="user17" time="0.716" classname="distractify.Tests"/>
  <testcase name="user2" time="0.785" classname="distractify.Tests"/>
  <testcase name="user7" time="0.783" classname="distractify.Tests"/>
  <testcase name="user13" time="0.791" classname="distractify.Tests"/>
  <testcase name="user4" time="0.788" classname="distractify.Tests"/>
  <testcase name="user20" time="0.787" classname="distractify.Tests"/>
  <testcase name="user8" time="0.872" classname="distractify.Tests"/>
  <testcase name="user10" time="0.949" classname="distractify.Tests"/>
  <testcase name="user6" time="0.95" classname="distractify.Tests"/>
</testsuite> <!-- Test -->
